AH00558: apache2: Could not reliably determine the server's fully qualified domain name, using 172.18.0.2. Set the 'ServerName' directive globally to suppress this message
[Sat Feb 08 12:09:38.006654 2025] [mpm_prefork:notice] [pid 1:tid 1] AH00163: Apache/2.4.62 (Debian) PHP/8.2.27 OpenSSL/3.0.15 configured -- resuming normal operations
[Sat Feb 08 12:09:38.006841 2025] [core:notice] [pid 1:tid 1] AH00094: Command line: 'apache2 -D FOREGROUND'
AH00558: apache2: Could not reliably determine the server's fully qualified domain name, using 172.18.0.2. Set the 'ServerName' directive globally to suppress this message
[Sun Feb 09 22:02:09.190816 2025] [mpm_prefork:notice] [pid 1:tid 1] AH00163: Apache/2.4.62 (Debian) PHP/8.2.27 OpenSSL/3.0.15 configured -- resuming normal operations
[Sun Feb 09 22:02:09.192026 2025] [core:notice] [pid 1:tid 1] AH00094: Command line: 'apache2 -D FOREGROUND'
AH00558: apache2: Could not reliably determine the server's fully qualified domain name, using 172.18.0.2. Set the 'ServerName' directive globally to suppress this message
[Tue Feb 11 15:24:09.096931 2025] [mpm_prefork:notice] [pid 1:tid 1] AH00163: Apache/2.4.62 (Debian) PHP/8.2.27 OpenSSL/3.0.15 configured -- resuming normal operations
[Tue Feb 11 15:24:09.097228 2025] [core:notice] [pid 1:tid 1] AH00094: Command line: 'apache2 -D FOREGROUND'
AH00558: apache2: Could not reliably determine the server's fully qualified domain name, using 172.18.0.6. Set the 'ServerName' directive globally to suppress this message
[Wed Feb 12 17:35:04.173942 2025] [mpm_prefork:notice] [pid 1:tid 1] AH00163: Apache/2.4.62 (Debian) PHP/8.2.27 OpenSSL/3.0.15 configured -- resuming normal operations
[Wed Feb 12 17:35:04.174672 2025] [core:notice] [pid 1:tid 1] AH00094: Command line: 'apache2 -D FOREGROUND'
[Wed Feb 12 17:35:19.374586 2025] [mpm_prefork:notice] [pid 1:tid 1] AH00170: caught SIGWINCH, shutting down gracefully
AH00558: apache2: Could not reliably determine the server's fully qualified domain name, using 172.18.0.10. Set the 'ServerName' directive globally to suppress this message
[Fri Aug 08 13:49:28.526526 2025] [mpm_prefork:notice] [pid 1:tid 1] AH00163: Apache/2.4.62 (Debian) PHP/8.2.29 OpenSSL/3.0.17 configured -- resuming normal operations
[Fri Aug 08 13:49:28.527358 2025] [core:notice] [pid 1:tid 1] AH00094: Command line: 'apache2 -D FOREGROUND'
[Fri Aug 08 17:58:46.554977 2025] [mpm_prefork:notice] [pid 1:tid 1] AH00171: Graceful restart requested, doing restart
AH00558: apache2: Could not reliably determine the server's fully qualified domain name, using 172.18.0.10. Set the 'ServerName' directive globally to suppress this message
[Fri Aug 08 17:58:46.657436 2025] [mpm_prefork:notice] [pid 1:tid 1] AH00163: Apache/2.4.62 (Debian) PHP/8.2.29 OpenSSL/3.0.17 configured -- resuming normal operations
[Fri Aug 08 17:58:46.657704 2025] [core:notice] [pid 1:tid 1] AH00094: Command line: 'apache2 -D FOREGROUND'
[Fri Aug 08 17:59:05.927002 2025] [mpm_prefork:notice] [pid 1:tid 1] AH00171: Graceful restart requested, doing restart
AH00558: apache2: Could not reliably determine the server's fully qualified domain name, using 172.18.0.10. Set the 'ServerName' directive globally to suppress this message
[Fri Aug 08 17:59:05.973981 2025] [mpm_prefork:notice] [pid 1:tid 1] AH00163: Apache/2.4.62 (Debian) PHP/8.2.29 OpenSSL/3.0.17 configured -- resuming normal operations
[Fri Aug 08 17:59:05.974199 2025] [core:notice] [pid 1:tid 1] AH00094: Command line: 'apache2 -D FOREGROUND'
[Fri Aug 08 18:34:58.182875 2025] [mpm_prefork:notice] [pid 1:tid 1] AH00170: caught SIGWINCH, shutting down gracefully
AH00558: apache2: Could not reliably determine the server's fully qualified domain name, using 172.18.0.10. Set the 'ServerName' directive globally to suppress this message
[Fri Aug 08 18:36:30.404084 2025] [mpm_prefork:notice] [pid 1:tid 1] AH00163: Apache/2.4.62 (Debian) PHP/8.2.29 OpenSSL/3.0.17 configured -- resuming normal operations
[Fri Aug 08 18:36:30.404500 2025] [core:notice] [pid 1:tid 1] AH00094: Command line: 'apache2 -D FOREGROUND'
[Fri Aug 08 18:54:46.133094 2025] [mpm_prefork:notice] [pid 1:tid 1] AH00170: caught SIGWINCH, shutting down gracefully
AH00558: apache2: Could not reliably determine the server's fully qualified domain name, using 172.18.0.10. Set the 'ServerName' directive globally to suppress this message
[Fri Aug 08 18:57:37.844632 2025] [mpm_prefork:notice] [pid 1:tid 1] AH00163: Apache/2.4.62 (Debian) PHP/8.2.29 OpenSSL/3.0.17 configured -- resuming normal operations
[Fri Aug 08 18:57:37.844812 2025] [core:notice] [pid 1:tid 1] AH00094: Command line: 'apache2 -D FOREGROUND'
[Sun Aug 10 14:12:18.359972 2025] [mpm_prefork:notice] [pid 1:tid 1] AH00170: caught SIGWINCH, shutting down gracefully
AH00558: apache2: Could not reliably determine the server's fully qualified domain name, using 172.19.0.2. Set the 'ServerName' directive globally to suppress this message
[Sun Aug 10 14:13:35.015728 2025] [mpm_prefork:notice] [pid 1:tid 1] AH00163: Apache/2.4.62 (Debian) PHP/8.2.29 OpenSSL/3.0.17 configured -- resuming normal operations
[Sun Aug 10 14:13:35.016607 2025] [core:notice] [pid 1:tid 1] AH00094: Command line: 'apache2 -D FOREGROUND'
[Sun Aug 10 14:28:29.335703 2025] [php:error] [pid 57:tid 57] [client 172.19.0.1:63602] script '/var/www/html/index.php' not found or unable to stat
[Sun Aug 10 14:40:43.317041 2025] [mpm_prefork:notice] [pid 1:tid 1] AH00170: caught SIGWINCH, shutting down gracefully
AH00558: apache2: Could not reliably determine the server's fully qualified domain name, using 172.19.0.2. Set the 'ServerName' directive globally to suppress this message
[Sun Aug 10 14:48:20.192513 2025] [mpm_prefork:notice] [pid 1:tid 1] AH00163: Apache/2.4.62 (Debian) PHP/8.2.29 OpenSSL/3.0.17 configured -- resuming normal operations
[Sun Aug 10 14:48:20.193155 2025] [core:notice] [pid 1:tid 1] AH00094: Command line: 'apache2 -D FOREGROUND'
[Sun Aug 10 14:51:48.268950 2025] [mpm_prefork:notice] [pid 1:tid 1] AH00170: caught SIGWINCH, shutting down gracefully
AH00558: apache2: Could not reliably determine the server's fully qualified domain name, using 172.18.0.2. Set the 'ServerName' directive globally to suppress this message
[Sun Aug 10 14:53:23.258483 2025] [mpm_prefork:notice] [pid 1:tid 1] AH00163: Apache/2.4.62 (Debian) PHP/8.2.29 OpenSSL/3.0.17 configured -- resuming normal operations
[Sun Aug 10 14:53:23.258700 2025] [core:notice] [pid 1:tid 1] AH00094: Command line: 'apache2 -D FOREGROUND'
AH00558: apache2: Could not reliably determine the server's fully qualified domain name, using 172.18.0.5. Set the 'ServerName' directive globally to suppress this message
[Wed Aug 13 10:31:46.699439 2025] [mpm_prefork:notice] [pid 1:tid 1] AH00163: Apache/2.4.62 (Debian) PHP/8.2.29 OpenSSL/3.0.17 configured -- resuming normal operations
[Wed Aug 13 10:31:46.700311 2025] [core:notice] [pid 1:tid 1] AH00094: Command line: 'apache2 -D FOREGROUND'
AH00558: apache2: Could not reliably determine the server's fully qualified domain name, using 172.18.0.2. Set the 'ServerName' directive globally to suppress this message
[Wed Aug 13 13:05:58.546724 2025] [mpm_prefork:notice] [pid 1:tid 1] AH00163: Apache/2.4.62 (Debian) PHP/8.2.29 OpenSSL/3.0.17 configured -- resuming normal operations
[Wed Aug 13 13:05:58.547063 2025] [core:notice] [pid 1:tid 1] AH00094: Command line: 'apache2 -D FOREGROUND'
AH00558: apache2: Could not reliably determine the server's fully qualified domain name, using 172.18.0.6. Set the 'ServerName' directive globally to suppress this message
[Fri Aug 22 14:37:58.617037 2025] [mpm_prefork:notice] [pid 1:tid 1] AH00163: Apache/2.4.62 (Debian) PHP/8.2.29 OpenSSL/3.0.17 configured -- resuming normal operations
[Fri Aug 22 14:37:58.617649 2025] [core:notice] [pid 1:tid 1] AH00094: Command line: 'apache2 -D FOREGROUND'
[Mon Aug 25 12:20:04.798820 2025] [autoindex:error] [pid 18:tid 18] [client 172.18.0.1:61890] AH01276: Cannot serve directory /var/www/html/: No matching DirectoryIndex (index.php,index.html) found, and server-generated directory index forbidden by Options directive
[Mon Aug 25 12:26:16.209038 2025] [autoindex:error] [pid 17:tid 17] [client 172.18.0.1:58478] AH01276: Cannot serve directory /var/www/html/: No matching DirectoryIndex (index.php,index.html) found, and server-generated directory index forbidden by Options directive
[Mon Aug 25 13:04:29.557773 2025] [autoindex:error] [pid 19:tid 19] [client 172.18.0.1:55284] AH01276: Cannot serve directory /var/www/html/: No matching DirectoryIndex (index.php,index.html) found, and server-generated directory index forbidden by Options directive
AH00558: apache2: Could not reliably determine the server's fully qualified domain name, using 172.18.0.6. Set the 'ServerName' directive globally to suppress this message
[Tue Aug 26 12:53:25.200785 2025] [mpm_prefork:notice] [pid 1:tid 1] AH00163: Apache/2.4.62 (Debian) PHP/8.2.29 OpenSSL/3.0.17 configured -- resuming normal operations
[Tue Aug 26 12:53:25.203813 2025] [core:notice] [pid 1:tid 1] AH00094: Command line: 'apache2 -D FOREGROUND'
AH00558: apache2: Could not reliably determine the server's fully qualified domain name, using 172.18.0.9. Set the 'ServerName' directive globally to suppress this message
[Wed Aug 27 07:59:18.862161 2025] [mpm_prefork:notice] [pid 1:tid 1] AH00163: Apache/2.4.62 (Debian) PHP/8.2.29 OpenSSL/3.0.17 configured -- resuming normal operations
[Wed Aug 27 07:59:18.862572 2025] [core:notice] [pid 1:tid 1] AH00094: Command line: 'apache2 -D FOREGROUND'
[Thu Aug 28 13:44:08.793435 2025] [mpm_prefork:notice] [pid 1:tid 1] AH00170: caught SIGWINCH, shutting down gracefully
AH00558: apache2: Could not reliably determine the server's fully qualified domain name, using 172.18.0.7. Set the 'ServerName' directive globally to suppress this message
[Tue Sep 09 11:43:31.720285 2025] [mpm_prefork:notice] [pid 1:tid 1] AH00163: Apache/2.4.65 (Debian) PHP/8.3.25 OpenSSL/3.5.1 configured -- resuming normal operations
[Tue Sep 09 11:43:31.722073 2025] [core:notice] [pid 1:tid 1] AH00094: Command line: 'apache2 -D FOREGROUND'
[Fri Sep 12 16:03:29.465987 2025] [mpm_prefork:notice] [pid 1:tid 1] AH00170: caught SIGWINCH, shutting down gracefully
AH00558: apache2: Could not reliably determine the server's fully qualified domain name, using 172.18.0.4. Set the 'ServerName' directive globally to suppress this message
[Sat Sep 13 12:10:53.564631 2025] [mpm_prefork:notice] [pid 1:tid 1] AH00163: Apache/2.4.65 (Debian) PHP/8.3.25 OpenSSL/3.5.1 configured -- resuming normal operations
[Sat Sep 13 12:10:53.565160 2025] [core:notice] [pid 1:tid 1] AH00094: Command line: 'apache2 -D FOREGROUND'
[Mon Sep 15 10:37:51.203685 2025] [mpm_prefork:notice] [pid 1:tid 1] AH00170: caught SIGWINCH, shutting down gracefully
AH00558: apache2: Could not reliably determine the server's fully qualified domain name, using 172.18.0.7. Set the 'ServerName' directive globally to suppress this message
[Tue Sep 16 08:51:02.523352 2025] [mpm_prefork:notice] [pid 1:tid 1] AH00163: Apache/2.4.65 (Debian) PHP/8.3.25 OpenSSL/3.5.1 configured -- resuming normal operations
[Tue Sep 16 08:51:02.523943 2025] [core:notice] [pid 1:tid 1] AH00094: Command line: 'apache2 -D FOREGROUND'
[Tue Sep 16 16:51:44.847035 2025] [mpm_prefork:notice] [pid 1:tid 1] AH00170: caught SIGWINCH, shutting down gracefully
AH00558: apache2: Could not reliably determine the server's fully qualified domain name, using 172.18.0.2. Set the 'ServerName' directive globally to suppress this message
[Tue Sep 16 23:21:14.520487 2025] [mpm_prefork:notice] [pid 1:tid 1] AH00163: Apache/2.4.65 (Debian) PHP/8.3.25 OpenSSL/3.5.1 configured -- resuming normal operations
[Tue Sep 16 23:21:14.520947 2025] [core:notice] [pid 1:tid 1] AH00094: Command line: 'apache2 -D FOREGROUND'
[Wed Sep 17 21:47:17.390435 2025] [mpm_prefork:notice] [pid 1:tid 1] AH00170: caught SIGWINCH, shutting down gracefully
AH00558: apache2: Could not reliably determine the server's fully qualified domain name, using 172.18.0.7. Set the 'ServerName' directive globally to suppress this message
[Fri Sep 19 11:13:49.221882 2025] [mpm_prefork:notice] [pid 1:tid 1] AH00163: Apache/2.4.65 (Debian) PHP/8.3.25 OpenSSL/3.5.1 configured -- resuming normal operations
[Fri Sep 19 11:13:49.222349 2025] [core:notice] [pid 1:tid 1] AH00094: Command line: 'apache2 -D FOREGROUND'
